<!DOCTYPE html PUBLIC "-//W3C//DTD XHTML 1.1//EN" "http://www.w3.org/TR/xhtml11/DTD/xhtml11.dtd">
<html xmlns="http://www.w3.org/1999/xhtml"><head><title>TestNG Report</title><style type="text/css">table {margin-bottom:10px;border-collapse:collapse;empty-cells:show}th,td {border:1px solid #009;padding:.25em .5em}th {vertical-align:bottom}td {vertical-align:top}table a {font-weight:bold}.stripe td {background-color: #E6EBF9}.num {text-align:right}.passedodd td {background-color: #3F3}.passedeven td {background-color: #0A0}.skippedodd td {background-color: #DDD}.skippedeven td {background-color: #CCC}.failedodd td,.attn {background-color: #F33}.failedeven td,.stripe .attn {background-color: #D00}.stacktrace {white-space:pre;font-family:monospace}.totop {font-size:85%;text-align:center;border-bottom:2px solid #000}</style></head><body><table><tr><th>Test</th><th># Passed</th><th># Skipped</th><th># Failed</th><th>Time (ms)</th><th>Included Groups</th><th>Excluded Groups</th></tr><tr><th colspan="7">my suite</th></tr><tr><th colspan="7">SuiteA</th></tr><tr><td><a href="#t0">Areaofcompliance</a></td><td class="num">1</td><td class="num attn">2</td><td class="num">0</td><td class="num">66,743</td><td></td><td></td></tr><tr><th colspan="7">SuiteB</th></tr><tr><th colspan="7">SuiteC</th></tr></table><table><thead><tr><th>Class</th><th>Method</th><th>Start</th><th>Time (ms)</th></tr></thead><tbody><tr><th colspan="4">my suite</th></tr></tbody><tbody><tr><th colspan="4">SuiteA</th></tr></tbody><tbody id="t0"><tr><th colspan="4">Areaofcompliance &#8212; skipped</th></tr><tr class="skippedeven"><td rowspan="2">com.selenium.core.hybrid.testcases.Areaofcompliance</td><td><a href="#m0">dologin</a></td><td rowspan="2">1475842232564</td><td rowspan="2">1</td></tr><tr class="skippedeven"><td><a href="#m1">dologin</a></td></tr><tr><th colspan="4">Areaofcompliance &#8212; passed</th></tr><tr class="passedeven"><td rowspan="1">com.selenium.core.hybrid.testcases.Areaofcompliance</td><td><a href="#m2">dologin</a></td><td rowspan="1">1475842166169</td><td rowspan="1">66393</td></tr></tbody><tbody><tr><th colspan="4">SuiteB</th></tr></tbody><tbody><tr><th colspan="4">SuiteC</th></tr></tbody></table><h2>Areaofcompliance</h2><h3 id="m0">com.selenium.core.hybrid.testcases.Areaofcompliance#dologin</h3><table class="result"><tr class="param"><th>Parameter #1</th></tr><tr class="param stripe"><td>{Description=AOC Description details, OwnerOrganizations=GRC - Enterprise Risk, Comments=submit, Level1Approver=Stan.Smith, Formname=Area of Compliance, Types=Deposit, Runmode=N, username=Stan.Smith, Infocenter=GRC Libraries, Name=Auto Test1, Owners=Stan.Smith, Level2Approver=Stan.Smith, BrowserType=ie, password=Welcome*12}</td></tr><tr><th>Exception</th></tr><tr><td><div class="stacktrace">org.testng.SkipException: Skipping the test
	at com.selenium.core.hybrid.testcases.Areaofcompliance.dologin(Areaofcompliance.java:33)
	at java.util.concurrent.FutureTask.run(FutureTask.java:266)
	at java.util.concurrent.ThreadPoolExecutor.runWorker(ThreadPoolExecutor.java:1142)
	at java.util.concurrent.ThreadPoolExecutor$Worker.run(ThreadPoolExecutor.java:617)
	at java.lang.Thread.run(Thread.java:745)
... Removed 16 stack frames</div></td></tr></table><p class="totop"><a href="#summary">back to summary</a></p><h3 id="m1">com.selenium.core.hybrid.testcases.Areaofcompliance#dologin</h3><table class="result"><tr class="param"><th>Parameter #1</th></tr><tr class="param stripe"><td>{Description=AOC Description details, OwnerOrganizations=GRC - Enterprise Risk, Comments=submit, Level1Approver=Stan.Smith, Formname=Area of Compliance, Types=Deposit, Runmode=N, username=Stan.Smith, Infocenter=GRC Libraries, Name=Auto Test1, Owners=Stan.Smith, Level2Approver=Stan.Smith, BrowserType=mozilla, password=Welcome*12}</td></tr><tr><th>Exception</th></tr><tr><td><div class="stacktrace">org.testng.SkipException: Skipping the test
	at com.selenium.core.hybrid.testcases.Areaofcompliance.dologin(Areaofcompliance.java:33)
	at java.util.concurrent.FutureTask.run(FutureTask.java:266)
	at java.util.concurrent.ThreadPoolExecutor.runWorker(ThreadPoolExecutor.java:1142)
	at java.util.concurrent.ThreadPoolExecutor$Worker.run(ThreadPoolExecutor.java:617)
	at java.lang.Thread.run(Thread.java:745)
... Removed 16 stack frames</div></td></tr></table><p class="totop"><a href="#summary">back to summary</a></p><h3 id="m2">com.selenium.core.hybrid.testcases.Areaofcompliance#dologin</h3><table class="result"><tr class="param"><th>Parameter #1</th></tr><tr class="param stripe"><td>{Description=AOC Description details, OwnerOrganizations=GRC - Enterprise Risk, Comments=submit, Level1Approver=Stan.Smith, Formname=Area of Compliance, Types=Deposit, Runmode=Y, username=Stan.Smith, Infocenter=GRC Libraries, Name=Auto Test1, Owners=Stan.Smith, Level2Approver=Stan.Smith, BrowserType=chrome, password=Welcome*12}</td></tr></table><p class="totop"><a href="#summary">back to summary</a></p></body></html>