<?xml version="1.0" encoding="UTF-8"?>
<testng-results skipped="2" failed="0" total="3" passed="1">
  <reporter-output>
  </reporter-output>
  <suite name="my suite" duration-ms="0" started-at="2016-10-07T12:10:32Z" finished-at="2016-10-07T12:10:32Z">
    <groups>
    </groups>
  </suite> <!-- my suite -->
  <suite name="SuiteA" duration-ms="66743" started-at="2016-10-07T12:09:26Z" finished-at="2016-10-07T12:10:32Z">
    <groups>
    </groups>
    <test name="Areaofcompliance" duration-ms="66743" started-at="2016-10-07T12:09:26Z" finished-at="2016-10-07T12:10:32Z">
      <class name="com.selenium.core.hybrid.testcases.Areaofcompliance">
        <test-method status="SKIP" signature="dologin(java.util.Hashtable)[pri:0, instance:com.selenium.core.hybrid.testcases.Areaofcompliance@306cf3ea]" name="dologin" duration-ms="6" started-at="2016-10-07T17:39:26Z" data-provider="getdata" finished-at="2016-10-07T17:39:26Z">
          <params>
            <param index="0">
              <value>
                <![CDATA[{Description=AOC Description details, OwnerOrganizations=GRC - Enterprise Risk, Comments=submit, Level1Approver=Stan.Smith, Formname=Area of Compliance, Types=Deposit, Runmode=N, username=Stan.Smith, Infocenter=GRC Libraries, Name=Auto Test1, Owners=Stan.Smith, Level2Approver=Stan.Smith, BrowserType=mozilla, password=Welcome*12}]]>
              </value>
            </param>
          </params>
          <exception class="org.testng.SkipException">
            <message>
              <![CDATA[Skipping the test]]>
            </message>
            <full-stacktrace>
              <![CDATA[org.testng.SkipException: Skipping the test
	at com.selenium.core.hybrid.testcases.Areaofcompliance.dologin(Areaofcompliance.java:33)
	at sun.reflect.NativeMethodAccessorImpl.invoke0(Native Method)
	at sun.reflect.NativeMethodAccessorImpl.invoke(NativeMethodAccessorImpl.java:62)
	at sun.reflect.DelegatingMethodAccessorImpl.invoke(DelegatingMethodAccessorImpl.java:43)
	at java.lang.reflect.Method.invoke(Method.java:497)
	at org.testng.internal.MethodInvocationHelper.invokeMethod(MethodInvocationHelper.java:84)
	at org.testng.internal.Invoker.invokeMethod(Invoker.java:714)
	at org.testng.internal.Invoker.invokeTestMethod(Invoker.java:901)
	at org.testng.internal.Invoker.invokeTestMethods(Invoker.java:1231)
	at org.testng.internal.TestMethodWorker.invokeTestMethods(TestMethodWorker.java:127)
	at org.testng.internal.TestMethodWorker.run(TestMethodWorker.java:111)
	at org.testng.TestRunner.privateRun(TestRunner.java:767)
	at org.testng.TestRunner.run(TestRunner.java:617)
	at org.testng.SuiteRunner.runTest(SuiteRunner.java:334)
	at org.testng.SuiteRunner.access$000(SuiteRunner.java:37)
	at org.testng.SuiteRunner$SuiteWorker.run(SuiteRunner.java:368)
	at org.testng.internal.thread.ThreadUtil$2.call(ThreadUtil.java:64)
	at java.util.concurrent.FutureTask.run(FutureTask.java:266)
	at java.util.concurrent.ThreadPoolExecutor.runWorker(ThreadPoolExecutor.java:1142)
	at java.util.concurrent.ThreadPoolExecutor$Worker.run(ThreadPoolExecutor.java:617)
	at java.lang.Thread.run(Thread.java:745)
]]>
            </full-stacktrace>
          </exception> <!-- org.testng.SkipException -->
          <reporter-output>
          </reporter-output>
        </test-method> <!-- dologin -->
        <test-method status="PASS" signature="dologin(java.util.Hashtable)[pri:0, instance:com.selenium.core.hybrid.testcases.Areaofcompliance@306cf3ea]" name="dologin" duration-ms="66393" started-at="2016-10-07T17:39:26Z" data-provider="getdata" finished-at="2016-10-07T17:40:32Z">
          <params>
            <param index="0">
              <value>
                <![CDATA[{Description=AOC Description details, OwnerOrganizations=GRC - Enterprise Risk, Comments=submit, Level1Approver=Stan.Smith, Formname=Area of Compliance, Types=Deposit, Runmode=Y, username=Stan.Smith, Infocenter=GRC Libraries, Name=Auto Test1, Owners=Stan.Smith, Level2Approver=Stan.Smith, BrowserType=chrome, password=Welcome*12}]]>
              </value>
            </param>
          </params>
          <reporter-output>
          </reporter-output>
        </test-method> <!-- dologin -->
        <test-method status="SKIP" signature="dologin(java.util.Hashtable)[pri:0, instance:com.selenium.core.hybrid.testcases.Areaofcompliance@306cf3ea]" name="dologin" duration-ms="1" started-at="2016-10-07T17:40:32Z" data-provider="getdata" finished-at="2016-10-07T17:40:32Z">
          <params>
            <param index="0">
              <value>
                <![CDATA[{Description=AOC Description details, OwnerOrganizations=GRC - Enterprise Risk, Comments=submit, Level1Approver=Stan.Smith, Formname=Area of Compliance, Types=Deposit, Runmode=N, username=Stan.Smith, Infocenter=GRC Libraries, Name=Auto Test1, Owners=Stan.Smith, Level2Approver=Stan.Smith, BrowserType=ie, password=Welcome*12}]]>
              </value>
            </param>
          </params>
          <exception class="org.testng.SkipException">
            <message>
              <![CDATA[Skipping the test]]>
            </message>
            <full-stacktrace>
              <![CDATA[org.testng.SkipException: Skipping the test
	at com.selenium.core.hybrid.testcases.Areaofcompliance.dologin(Areaofcompliance.java:33)
	at sun.reflect.NativeMethodAccessorImpl.invoke0(Native Method)
	at sun.reflect.NativeMethodAccessorImpl.invoke(NativeMethodAccessorImpl.java:62)
	at sun.reflect.DelegatingMethodAccessorImpl.invoke(DelegatingMethodAccessorImpl.java:43)
	at java.lang.reflect.Method.invoke(Method.java:497)
	at org.testng.internal.MethodInvocationHelper.invokeMethod(MethodInvocationHelper.java:84)
	at org.testng.internal.Invoker.invokeMethod(Invoker.java:714)
	at org.testng.internal.Invoker.invokeTestMethod(Invoker.java:901)
	at org.testng.internal.Invoker.invokeTestMethods(Invoker.java:1231)
	at org.testng.internal.TestMethodWorker.invokeTestMethods(TestMethodWorker.java:127)
	at org.testng.internal.TestMethodWorker.run(TestMethodWorker.java:111)
	at org.testng.TestRunner.privateRun(TestRunner.java:767)
	at org.testng.TestRunner.run(TestRunner.java:617)
	at org.testng.SuiteRunner.runTest(SuiteRunner.java:334)
	at org.testng.SuiteRunner.access$000(SuiteRunner.java:37)
	at org.testng.SuiteRunner$SuiteWorker.run(SuiteRunner.java:368)
	at org.testng.internal.thread.ThreadUtil$2.call(ThreadUtil.java:64)
	at java.util.concurrent.FutureTask.run(FutureTask.java:266)
	at java.util.concurrent.ThreadPoolExecutor.runWorker(ThreadPoolExecutor.java:1142)
	at java.util.concurrent.ThreadPoolExecutor$Worker.run(ThreadPoolExecutor.java:617)
	at java.lang.Thread.run(Thread.java:745)
]]>
            </full-stacktrace>
          </exception> <!-- org.testng.SkipException -->
          <reporter-output>
          </reporter-output>
        </test-method> <!-- dologin -->
        <test-method status="PASS" signature="close()[pri:0, instance:com.selenium.core.hybrid.testcases.Areaofcompliance@306cf3ea]" name="close" is-config="true" duration-ms="321" started-at="2016-10-07T17:40:32Z" finished-at="2016-10-07T17:40:32Z">
          <reporter-output>
          </reporter-output>
        </test-method> <!-- close -->
      </class> <!-- com.selenium.core.hybrid.testcases.Areaofcompliance -->
    </test> <!-- Areaofcompliance -->
  </suite> <!-- SuiteA -->
  <suite name="SuiteB" duration-ms="0" started-at="2016-10-07T12:10:32Z" finished-at="2016-10-07T12:10:32Z">
    <groups>
    </groups>
  </suite> <!-- SuiteB -->
  <suite name="SuiteC" duration-ms="0" started-at="2016-10-07T12:10:32Z" finished-at="2016-10-07T12:10:32Z">
    <groups>
    </groups>
  </suite> <!-- SuiteC -->
</testng-results>
